=== Hex Editor Session Log ===
Started: 2025-12-16T17:48:01
================================

[17:48:01] EditorUI _ready() starting...
[17:48:01] Searching for HexEditor node...
[17:48:01] Found via ../../HexEditor
[17:48:01] HexEditor found: HexEditor (map_data size: 1)
[17:48:01] Connecting hex_editor signals...
[17:48:01]   Connected map_changed
[17:48:01]   Connected log_message
[17:48:01]   Connected hex_selected
[17:48:01] Signal connections complete!
[17:48:01] Editor UI initialization complete
[17:48:11] Pan gesture: delta=(0.0, 0.03)
[17:48:11] Pan gesture: delta=(0.0, 0.03)
[17:48:11] Pan gesture: delta=(0.0, 1.83)
[17:48:11] Pan gesture: delta=(0.0, 1.83)
[17:48:11] Pan gesture: delta=(0.0, 0.27)
[17:48:11] Pan gesture: delta=(0.0, 0.27)
[17:48:11] Pan gesture: delta=(0.0, 0.24)
[17:48:11] Pan gesture: delta=(0.0, 0.24)
[17:48:11] Pan gesture: delta=(0.0, 0.27)
[17:48:11] Pan gesture: delta=(0.0, 0.27)
[17:48:11] Pan gesture: delta=(0.0, 0.12)
[17:48:11] Pan gesture: delta=(0.0, 0.12)
[17:48:11] Pan gesture: delta=(0.0, 0.09)
[17:48:11] Pan gesture: delta=(0.0, 0.09)
[17:48:11] Pan gesture: delta=(-0.03, 0.06)
[17:48:11] Pan gesture: delta=(-0.03, 0.06)
[17:48:11] Pan gesture: delta=(-0.03, 0.06)
[17:48:11] Pan gesture: delta=(-0.03, 0.06)
[17:48:11] Pan gesture: delta=(-0.06, 0.03)
[17:48:11] Pan gesture: delta=(-0.06, 0.03)
[17:48:11] Pan gesture: delta=(-0.06, 0.03)
[17:48:11] Pan gesture: delta=(-0.06, 0.03)
[17:48:11] Pan gesture: delta=(-0.12, 0.03)
[17:48:11] Pan gesture: delta=(-0.12, 0.03)
[17:48:11] Pan gesture: delta=(0.0, 0.0)
[17:48:11] Pan gesture: delta=(0.0, 0.0)
[17:48:11] Pan gesture: delta=(-0.09, 0.06)
[17:48:11] Pan gesture: delta=(-0.09, 0.06)
[17:48:11] Pan gesture: delta=(-0.09, 0.06)
[17:48:11] Pan gesture: delta=(-0.09, 0.06)
[17:48:11] Pan gesture: delta=(-0.09, 0.06)
[17:48:11] Pan gesture: delta=(-0.09, 0.06)
[17:48:11] Pan gesture: delta=(-0.06, 0.06)
[17:48:11] Pan gesture: delta=(-0.06, 0.06)
[17:48:11] Pan gesture: delta=(-0.06, 0.06)
[17:48:11] Pan gesture: delta=(-0.06, 0.06)
[17:48:11] Pan gesture: delta=(-0.06, 0.03)
[17:48:11] Pan gesture: delta=(-0.06, 0.03)
[17:48:11] Pan gesture: delta=(-0.06, 0.03)
[17:48:11] Pan gesture: delta=(-0.06, 0.03)
[17:48:11] Pan gesture: delta=(-0.06, 0.03)
[17:48:11] Pan gesture: delta=(-0.06, 0.03)
[17:48:11] Pan gesture: delta=(-0.06, 0.03)
[17:48:11] Pan gesture: delta=(-0.06, 0.03)
[17:48:11] Pan gesture: delta=(-0.06, 0.03)
[17:48:11] Pan gesture: delta=(-0.06, 0.03)
[17:48:11] Pan gesture: delta=(-0.06, 0.03)
[17:48:11] Pan gesture: delta=(-0.06, 0.03)
[17:48:11] Pan gesture: delta=(-0.06, 0.03)
[17:48:11] Pan gesture: delta=(-0.06, 0.03)
[17:48:11] Pan gesture: delta=(-0.03, 0.03)
[17:48:11] Pan gesture: delta=(-0.03, 0.03)
[17:48:11] Pan gesture: delta=(-0.03, 0.03)
[17:48:11] Pan gesture: delta=(-0.03, 0.03)
[17:48:11] Pan gesture: delta=(-0.03, 0.03)
[17:48:11] Pan gesture: delta=(-0.03, 0.03)
[17:48:11] Pan gesture: delta=(-0.03, 0.03)
[17:48:11] Pan gesture: delta=(-0.03, 0.03)
[17:48:11] Pan gesture: delta=(-0.03, 0.03)
[17:48:11] Pan gesture: delta=(-0.03, 0.03)
[17:48:11] Pan gesture: delta=(-0.03, 0.03)
[17:48:11] Pan gesture: delta=(-0.03, 0.03)
[17:48:11] Pan gesture: delta=(-0.03, 0.03)
[17:48:11] Pan gesture: delta=(-0.03, 0.03)
[17:48:11] Pan gesture: delta=(-0.03, 0.03)
[17:48:11] Pan gesture: delta=(-0.03, 0.03)
[17:48:11] Pan gesture: delta=(-0.03, 0.0)
[17:48:11] Pan gesture: delta=(-0.03, 0.0)
[17:48:11] Pan gesture: delta=(-0.03, 0.0)
[17:48:11] Pan gesture: delta=(-0.03, 0.0)
[17:48:11] Pan gesture: delta=(0.0, 0.03)
[17:48:11] Pan gesture: delta=(0.0, 0.03)
[17:48:11] Pan gesture: delta=(0.0, 0.0)
[17:48:11] Pan gesture: delta=(0.0, 0.0)
[17:48:11] Pan gesture: delta=(0.0, 0.03)
[17:48:11] Pan gesture: delta=(0.0, 0.03)
[17:48:11] Pan gesture: delta=(0.0, 0.33)
[17:48:11] Pan gesture: delta=(0.0, 0.33)
[17:48:11] Pan gesture: delta=(0.0, 0.18)
[17:48:11] Pan gesture: delta=(0.0, 0.18)
[17:48:11] Pan gesture: delta=(0.0, 0.15)
[17:48:11] Pan gesture: delta=(0.0, 0.15)
[17:48:11] Pan gesture: delta=(0.0, 0.18)
[17:48:11] Pan gesture: delta=(0.0, 0.18)
[17:48:12] Pan gesture: delta=(0.0, 0.18)
[17:48:12] Pan gesture: delta=(0.0, 0.18)
[17:48:12] Pan gesture: delta=(0.0, 0.18)
[17:48:12] Pan gesture: delta=(0.0, 0.18)
[17:48:12] Pan gesture: delta=(0.0, 0.18)
[17:48:12] Pan gesture: delta=(0.0, 0.18)
[17:48:12] Pan gesture: delta=(0.0, 0.15)
[17:48:12] Pan gesture: delta=(0.0, 0.15)
[17:48:12] Pan gesture: delta=(0.0, 0.12)
[17:48:12] Pan gesture: delta=(0.0, 0.12)
[17:48:12] Pan gesture: delta=(0.0, 0.12)
[17:48:12] Pan gesture: delta=(0.0, 0.12)
[17:48:12] Pan gesture: delta=(0.0, 0.09)
[17:48:12] Pan gesture: delta=(0.0, 0.09)
[17:48:12] Pan gesture: delta=(0.0, 0.06)
[17:48:12] Pan gesture: delta=(0.0, 0.06)
[17:48:12] Pan gesture: delta=(0.0, 0.06)
[17:48:12] Pan gesture: delta=(0.0, 0.06)
[17:48:12] Pan gesture: delta=(0.0, 0.03)
[17:48:12] Pan gesture: delta=(0.0, 0.03)
[17:48:12] Pan gesture: delta=(0.0, 0.03)
[17:48:12] Pan gesture: delta=(0.0, 0.03)
[17:48:12] Pan gesture: delta=(0.0, 0.03)
[17:48:12] Pan gesture: delta=(0.0, 0.03)
[17:48:12] Pan gesture: delta=(-0.03, 0.03)
[17:48:12] Pan gesture: delta=(-0.03, 0.03)
[17:48:12] Pan gesture: delta=(-0.03, 0.03)
[17:48:12] Pan gesture: delta=(-0.03, 0.03)
[17:48:12] Pan gesture: delta=(-0.06, 0.06)
[17:48:12] Pan gesture: delta=(-0.06, 0.06)
[17:48:12] Pan gesture: delta=(-0.15, 0.0)
[17:48:12] Pan gesture: delta=(-0.15, 0.0)
[17:48:12] Pan gesture: delta=(-0.03, 0.0)
[17:48:12] Pan gesture: delta=(-0.03, 0.0)
[17:48:12] Pan gesture: delta=(-0.03, -0.03)
[17:48:12] Pan gesture: delta=(-0.03, -0.03)
[17:48:12] Pan gesture: delta=(0.0, -0.06)
[17:48:12] Pan gesture: delta=(0.0, -0.06)
[17:48:12] Pan gesture: delta=(0.0, -0.09)
[17:48:12] Pan gesture: delta=(0.0, -0.09)
[17:48:12] Pan gesture: delta=(0.0, -0.12)
[17:48:12] Pan gesture: delta=(0.0, -0.12)
[17:48:12] Pan gesture: delta=(0.0, -0.15)
[17:48:12] Pan gesture: delta=(0.0, -0.15)
[17:48:12] Pan gesture: delta=(0.0, -0.15)
[17:48:12] Pan gesture: delta=(0.0, -0.15)
[17:48:12] Pan gesture: delta=(0.0, -0.21)
[17:48:12] Pan gesture: delta=(0.0, -0.21)
[17:48:12] Pan gesture: delta=(0.0, -0.27)
[17:48:12] Pan gesture: delta=(0.0, -0.27)
[17:48:12] Pan gesture: delta=(0.0, -0.24)
[17:48:12] Pan gesture: delta=(0.0, -0.24)
[17:48:12] Pan gesture: delta=(0.0, -0.27)
[17:48:12] Pan gesture: delta=(0.0, -0.27)
[17:48:12] Pan gesture: delta=(0.0, -0.3)
[17:48:12] Pan gesture: delta=(0.0, -0.3)
[17:48:12] Pan gesture: delta=(0.0, -0.3)
[17:48:12] Pan gesture: delta=(0.0, -0.3)
[17:48:12] Pan gesture: delta=(0.0, -0.33)
[17:48:12] Pan gesture: delta=(0.0, -0.33)
[17:48:12] Pan gesture: delta=(0.0, -0.27)
[17:48:12] Pan gesture: delta=(0.0, -0.27)
[17:48:12] Pan gesture: delta=(0.0, -0.3)
[17:48:12] Pan gesture: delta=(0.0, -0.3)
[17:48:12] Pan gesture: delta=(0.0, -0.18)
[17:48:12] Pan gesture: delta=(0.0, -0.18)
[17:48:12] Pan gesture: delta=(0.0, -0.18)
[17:48:12] Pan gesture: delta=(0.0, -0.18)
[17:48:12] Pan gesture: delta=(0.0, -0.12)
[17:48:12] Pan gesture: delta=(0.0, -0.12)
[17:48:12] Pan gesture: delta=(0.0, -0.09)
[17:48:12] Pan gesture: delta=(0.0, -0.09)
[17:48:12] Pan gesture: delta=(0.0, -0.06)
[17:48:12] Pan gesture: delta=(0.0, -0.06)
[17:48:12] Pan gesture: delta=(0.0, -0.03)
[17:48:12] Pan gesture: delta=(0.0, -0.03)
[17:48:12] Pan gesture: delta=(0.0, -0.03)
[17:48:12] Pan gesture: delta=(0.0, -0.03)
[17:48:13] Pan gesture: delta=(0.0, -0.03)
[17:48:13] Pan gesture: delta=(0.0, -0.03)
[17:48:13] Pan gesture: delta=(0.0, -0.03)
[17:48:13] Pan gesture: delta=(0.0, -0.03)
[17:48:13] Pan gesture: delta=(0.0, -0.03)
[17:48:13] Pan gesture: delta=(0.0, -0.03)
[17:48:13] Pan gesture: delta=(0.0, 0.0)
[17:48:13] Pan gesture: delta=(0.0, 0.0)
[17:48:32] Pan gesture: delta=(0.03, 0.03)
[17:48:32] Pan gesture: delta=(0.03, 0.03)
[17:48:32] Pan gesture: delta=(0.15, 0.15)
[17:48:32] Pan gesture: delta=(0.15, 0.15)
[17:48:32] Pan gesture: delta=(0.24, 0.27)
[17:48:32] Pan gesture: delta=(0.24, 0.27)
[17:48:32] Pan gesture: delta=(0.18, 0.21)
[17:48:32] Pan gesture: delta=(0.18, 0.21)
[17:48:32] Pan gesture: delta=(0.15, 0.24)
[17:48:32] Pan gesture: delta=(0.15, 0.24)
[17:48:32] Pan gesture: delta=(0.12, 0.27)
[17:48:32] Pan gesture: delta=(0.12, 0.27)
[17:48:32] Pan gesture: delta=(0.06, 0.27)
[17:48:32] Pan gesture: delta=(0.06, 0.27)
[17:48:32] Pan gesture: delta=(0.0, 0.18)
[17:48:32] Pan gesture: delta=(0.0, 0.18)
[17:48:32] Pan gesture: delta=(0.0, 0.33)
[17:48:32] Pan gesture: delta=(0.0, 0.33)
[17:48:32] Pan gesture: delta=(0.0, 0.27)
[17:48:32] Pan gesture: delta=(0.0, 0.27)
[17:48:32] Pan gesture: delta=(0.0, 0.18)
[17:48:32] Pan gesture: delta=(0.0, 0.18)
[17:48:32] Pan gesture: delta=(0.0, 0.12)
[17:48:32] Pan gesture: delta=(0.0, 0.12)
[17:48:32] Pan gesture: delta=(0.0, 0.03)
[17:48:32] Pan gesture: delta=(0.0, 0.03)
[17:48:32] Pan gesture: delta=(0.0, 0.03)
[17:48:32] Pan gesture: delta=(0.0, 0.03)
[17:48:32] Pan gesture: delta=(0.0, 0.09)
[17:48:32] Pan gesture: delta=(0.0, 0.09)
[17:48:32] Pan gesture: delta=(0.0, 0.0)
[17:48:32] Pan gesture: delta=(0.0, 0.0)
[17:48:32] Pan gesture: delta=(0.0, 0.12)
[17:48:32] Pan gesture: delta=(0.0, 0.12)
[17:48:32] Pan gesture: delta=(0.0, 0.09)
[17:48:32] Pan gesture: delta=(0.0, 0.09)
[17:48:32] Pan gesture: delta=(0.0, 0.09)
[17:48:32] Pan gesture: delta=(0.0, 0.09)
[17:48:32] Pan gesture: delta=(0.0, 0.09)
[17:48:32] Pan gesture: delta=(0.0, 0.09)
[17:48:32] Pan gesture: delta=(0.0, 0.09)
[17:48:32] Pan gesture: delta=(0.0, 0.09)
[17:48:32] Pan gesture: delta=(0.0, 0.09)
[17:48:32] Pan gesture: delta=(0.0, 0.09)
[17:48:32] Pan gesture: delta=(0.0, 0.09)
[17:48:32] Pan gesture: delta=(0.0, 0.09)
[17:48:32] Pan gesture: delta=(0.0, 0.09)
[17:48:32] Pan gesture: delta=(0.0, 0.09)
[17:48:32] Pan gesture: delta=(0.0, 0.09)
[17:48:32] Pan gesture: delta=(0.0, 0.09)
[17:48:32] Pan gesture: delta=(0.0, 0.09)
[17:48:32] Pan gesture: delta=(0.0, 0.09)
[17:48:32] Pan gesture: delta=(0.0, 0.09)
[17:48:32] Pan gesture: delta=(0.0, 0.09)
[17:48:32] Pan gesture: delta=(0.0, 0.06)
[17:48:32] Pan gesture: delta=(0.0, 0.06)
[17:48:32] Pan gesture: delta=(0.0, 0.03)
[17:48:32] Pan gesture: delta=(0.0, 0.03)
[17:48:32] Pan gesture: delta=(0.0, 0.0)
[17:48:32] Pan gesture: delta=(0.0, 0.0)
[17:48:32] Pan gesture: delta=(0.0, 0.03)
[17:48:32] Pan gesture: delta=(0.0, 0.03)
[17:48:32] Pan gesture: delta=(0.0, 0.06)
[17:48:32] Pan gesture: delta=(0.0, 0.06)
[17:48:32] Pan gesture: delta=(0.0, 0.21)
[17:48:32] Pan gesture: delta=(0.0, 0.21)
[17:48:32] Pan gesture: delta=(0.0, 0.66)
[17:48:32] Pan gesture: delta=(0.0, 0.66)
[17:48:32] Pan gesture: delta=(0.0, 0.39)
[17:48:32] Pan gesture: delta=(0.0, 0.39)
[17:48:32] Pan gesture: delta=(0.0, 0.33)
[17:48:32] Pan gesture: delta=(0.0, 0.33)
[17:48:32] Pan gesture: delta=(0.0, 0.21)
[17:48:32] Pan gesture: delta=(0.0, 0.21)
[17:48:32] Pan gesture: delta=(0.0, 0.09)
[17:48:32] Pan gesture: delta=(0.0, 0.09)
[17:48:32] Pan gesture: delta=(0.0, 0.0)
[17:48:32] Pan gesture: delta=(0.0, 0.0)
[17:48:32] Pan gesture: delta=(0.0, 0.21)
[17:48:32] Pan gesture: delta=(0.0, 0.21)
[17:48:32] Pan gesture: delta=(0.0, 0.18)
[17:48:32] Pan gesture: delta=(0.0, 0.18)
[17:48:32] Pan gesture: delta=(0.0, 0.21)
[17:48:32] Pan gesture: delta=(0.0, 0.21)
[17:48:32] Pan gesture: delta=(0.0, 0.21)
[17:48:32] Pan gesture: delta=(0.0, 0.21)
[17:48:32] Pan gesture: delta=(0.0, 0.18)
[17:48:32] Pan gesture: delta=(0.0, 0.18)
[17:48:32] Pan gesture: delta=(0.0, 0.18)
[17:48:32] Pan gesture: delta=(0.0, 0.18)
[17:48:32] Pan gesture: delta=(0.0, 0.18)
[17:48:32] Pan gesture: delta=(0.0, 0.18)
[17:48:32] Pan gesture: delta=(0.0, 0.18)
[17:48:32] Pan gesture: delta=(0.0, 0.18)
[17:48:32] Pan gesture: delta=(0.0, 0.15)
[17:48:32] Pan gesture: delta=(0.0, 0.15)
[17:48:33] Pan gesture: delta=(0.0, 0.15)
[17:48:33] Pan gesture: delta=(0.0, 0.15)
[17:48:33] Pan gesture: delta=(0.0, 0.15)
[17:48:33] Pan gesture: delta=(0.0, 0.15)
[17:48:33] Pan gesture: delta=(0.0, 0.15)
[17:48:33] Pan gesture: delta=(0.0, 0.15)
[17:48:33] Pan gesture: delta=(0.0, 0.15)
[17:48:33] Pan gesture: delta=(0.0, 0.15)
[17:48:33] Pan gesture: delta=(0.0, 0.15)
[17:48:33] Pan gesture: delta=(0.0, 0.15)
[17:48:33] Pan gesture: delta=(0.0, 0.12)
[17:48:33] Pan gesture: delta=(0.0, 0.12)
[17:48:33] Pan gesture: delta=(0.0, 0.12)
[17:48:33] Pan gesture: delta=(0.0, 0.12)
[17:48:33] Pan gesture: delta=(0.0, 0.12)
[17:48:33] Pan gesture: delta=(0.0, 0.12)
[17:48:33] Pan gesture: delta=(0.0, 0.12)
[17:48:33] Pan gesture: delta=(0.0, 0.12)
[17:48:33] Pan gesture: delta=(0.0, 0.12)
[17:48:33] Pan gesture: delta=(0.0, 0.12)
[17:48:33] Pan gesture: delta=(0.0, 0.09)
[17:48:33] Pan gesture: delta=(0.0, 0.09)
[17:48:33] Pan gesture: delta=(0.0, 0.0)
[17:48:33] Pan gesture: delta=(0.0, 0.0)
[17:48:33] Pan gesture: delta=(0.0, -0.03)
[17:48:33] Pan gesture: delta=(0.0, -0.03)
[17:48:33] Pan gesture: delta=(0.0, -4.8)
[17:48:33] Pan gesture: delta=(0.0, -4.8)
[17:48:33] Pan gesture: delta=(0.0, -0.09)
[17:48:33] Pan gesture: delta=(0.0, -0.09)
[17:48:33] Pan gesture: delta=(0.0, -0.06)
[17:48:33] Pan gesture: delta=(0.0, -0.06)
[17:48:33] Pan gesture: delta=(0.0, -0.03)
[17:48:33] Pan gesture: delta=(0.0, -0.03)
[17:48:33] Pan gesture: delta=(0.0, -0.03)
[17:48:33] Pan gesture: delta=(0.0, -0.03)
[17:48:33] Pan gesture: delta=(0.0, -0.03)
[17:48:33] Pan gesture: delta=(0.0, -0.03)
[17:48:33] Pan gesture: delta=(0.0, -0.03)
[17:48:33] Pan gesture: delta=(0.0, -0.03)
[17:48:33] Pan gesture: delta=(0.0, -0.03)
[17:48:33] Pan gesture: delta=(0.0, -0.03)
[17:48:33] Pan gesture: delta=(0.0, -0.03)
[17:48:33] Pan gesture: delta=(0.0, -0.03)
[17:48:33] Pan gesture: delta=(0.0, -0.03)
[17:48:33] Pan gesture: delta=(0.0, -0.03)
[17:48:33] Pan gesture: delta=(0.0, 0.0)
[17:48:33] Pan gesture: delta=(0.0, 0.0)
[17:48:33] Pan gesture: delta=(0.0, -0.03)
[17:48:33] Pan gesture: delta=(0.0, -0.03)
[17:48:33] Pan gesture: delta=(0.0, -0.36)
[17:48:33] Pan gesture: delta=(0.0, -0.36)
[17:48:33] Pan gesture: delta=(0.0, -0.54)
[17:48:33] Pan gesture: delta=(0.0, -0.54)
[17:48:33] Pan gesture: delta=(0.0, -0.42)
[17:48:33] Pan gesture: delta=(0.0, -0.42)
[17:48:33] Pan gesture: delta=(0.0, -0.48)
[17:48:33] Pan gesture: delta=(0.0, -0.48)
[17:48:33] Pan gesture: delta=(0.0, -0.45)
[17:48:33] Pan gesture: delta=(0.0, -0.45)
[17:48:33] Pan gesture: delta=(0.0, -0.36)
[17:48:33] Pan gesture: delta=(0.0, -0.36)
[17:48:33] Pan gesture: delta=(0.0, -0.36)
[17:48:33] Pan gesture: delta=(0.0, -0.36)
[17:48:33] Pan gesture: delta=(0.0, -0.39)
[17:48:33] Pan gesture: delta=(0.0, -0.39)
[17:48:33] Pan gesture: delta=(0.0, 0.0)
[17:48:33] Pan gesture: delta=(0.0, 0.0)
[17:48:33] Pan gesture: delta=(0.0, -0.45)
[17:48:33] Pan gesture: delta=(0.0, -0.45)
[17:48:34] Pan gesture: delta=(0.0, -0.45)
[17:48:34] Pan gesture: delta=(0.0, -0.45)
[17:48:34] Pan gesture: delta=(0.0, -0.45)
[17:48:34] Pan gesture: delta=(0.0, -0.45)
[17:48:34] Pan gesture: delta=(0.0, -0.45)
[17:48:34] Pan gesture: delta=(0.0, -0.45)
[17:48:34] Pan gesture: delta=(0.0, -0.42)
[17:48:34] Pan gesture: delta=(0.0, -0.42)
[17:48:34] Pan gesture: delta=(0.0, -0.42)
[17:48:34] Pan gesture: delta=(0.0, -0.42)
[17:48:34] Pan gesture: delta=(0.0, -0.45)
[17:48:34] Pan gesture: delta=(0.0, -0.45)
[17:48:34] Pan gesture: delta=(0.0, -0.42)
[17:48:34] Pan gesture: delta=(0.0, -0.42)
[17:48:34] Pan gesture: delta=(0.0, -0.42)
[17:48:34] Pan gesture: delta=(0.0, -0.42)
[17:48:34] Pan gesture: delta=(0.0, -0.36)
[17:48:34] Pan gesture: delta=(0.0, -0.36)
[17:48:34] Pan gesture: delta=(0.0, -0.33)
[17:48:34] Pan gesture: delta=(0.0, -0.33)
[17:48:34] Pan gesture: delta=(0.0, -0.33)
[17:48:34] Pan gesture: delta=(0.0, -0.33)
[17:48:34] Pan gesture: delta=(0.0, -0.3)
[17:48:34] Pan gesture: delta=(0.0, -0.3)
[17:48:34] Pan gesture: delta=(0.0, -0.27)
[17:48:34] Pan gesture: delta=(0.0, -0.27)
[17:48:34] Pan gesture: delta=(0.0, -0.27)
[17:48:34] Pan gesture: delta=(0.0, -0.27)
[17:48:34] Pan gesture: delta=(0.0, -0.27)
[17:48:34] Pan gesture: delta=(0.0, -0.27)
[17:48:34] Pan gesture: delta=(0.0, -0.24)
[17:48:34] Pan gesture: delta=(0.0, -0.24)
[17:48:34] Pan gesture: delta=(0.0, -0.24)
[17:48:34] Pan gesture: delta=(0.0, -0.24)
[17:48:34] Pan gesture: delta=(0.0, -0.21)
[17:48:34] Pan gesture: delta=(0.0, -0.21)
[17:48:34] Pan gesture: delta=(0.0, -0.39)
[17:48:34] Pan gesture: delta=(0.0, -0.39)
[17:48:34] Pan gesture: delta=(0.0, -0.18)
[17:48:34] Pan gesture: delta=(0.0, -0.18)
[17:48:34] Pan gesture: delta=(0.0, -0.33)
[17:48:34] Pan gesture: delta=(0.0, -0.33)
[17:48:34] Pan gesture: delta=(0.0, -0.3)
[17:48:34] Pan gesture: delta=(0.0, -0.3)
[17:48:34] Pan gesture: delta=(0.0, -0.15)
[17:48:34] Pan gesture: delta=(0.0, -0.15)
[17:48:34] Pan gesture: delta=(0.0, -0.15)
[17:48:34] Pan gesture: delta=(0.0, -0.15)
[17:48:34] Pan gesture: delta=(0.0, -0.12)
[17:48:34] Pan gesture: delta=(0.0, -0.12)
[17:48:34] Pan gesture: delta=(0.0, -0.12)
[17:48:34] Pan gesture: delta=(0.0, -0.12)
[17:48:34] Pan gesture: delta=(0.0, -0.12)
[17:48:34] Pan gesture: delta=(0.0, -0.12)
[17:48:34] Pan gesture: delta=(0.0, 0.0)
[17:48:34] Pan gesture: delta=(0.0, 0.0)
[17:48:35] MouseButton: btn=1 pressed=true at (0,-1)
[17:48:35] LEFT CLICK: hex=(0,-1) exists=false tool=PAINT
[17:48:35]   Modifiers: alt=false ctrl=false shift=false
[17:48:35] MouseButton: btn=1 pressed=false at (0,-1)
[17:48:35] MouseButton: btn=1 pressed=true at (0,-2)
[17:48:35] LEFT CLICK: hex=(0,-2) exists=false tool=PAINT
[17:48:35]   Modifiers: alt=false ctrl=false shift=false
[17:48:35] MouseButton: btn=1 pressed=false at (0,-2)
[17:48:36] MouseButton: btn=1 pressed=true at (-1,-4)
[17:48:36] LEFT CLICK: hex=(-1,-4) exists=false tool=PAINT
[17:48:36]   Modifiers: alt=false ctrl=false shift=false
[17:48:36] MouseButton: btn=1 pressed=false at (-1,-4)
[17:48:37] Pan gesture: delta=(-0.03, 0.0)
[17:48:37] Pan gesture: delta=(-0.03, 0.0)
[17:48:37] Pan gesture: delta=(0.0, 0.0)
[17:48:37] Pan gesture: delta=(0.0, 0.0)
[17:48:37] MouseButton: btn=1 pressed=true at (0,-3)
[17:48:37] LEFT CLICK: hex=(0,-3) exists=false tool=PAINT
[17:48:37]   Modifiers: alt=false ctrl=false shift=false
[17:48:37] MouseButton: btn=1 pressed=false at (0,-3)
[17:48:39] Pan gesture: delta=(-0.03, 0.0)
[17:48:39] Pan gesture: delta=(-0.03, 0.0)
[17:48:39] Pan gesture: delta=(-0.3, 0.0)
[17:48:39] Pan gesture: delta=(-0.3, 0.0)
[17:48:39] Pan gesture: delta=(-0.42, 0.0)
[17:48:39] Pan gesture: delta=(-0.42, 0.0)
[17:48:39] Pan gesture: delta=(-0.6, 0.0)
[17:48:39] Pan gesture: delta=(-0.6, 0.0)
[17:48:39] Pan gesture: delta=(-1.17, 0.0)
[17:48:39] Pan gesture: delta=(-1.17, 0.0)
[17:48:39] Pan gesture: delta=(-0.84, 0.0)
[17:48:39] Pan gesture: delta=(-0.84, 0.0)
[17:48:39] Pan gesture: delta=(-0.78, 0.0)
[17:48:39] Pan gesture: delta=(-0.78, 0.0)
[17:48:39] Pan gesture: delta=(-0.6, 0.0)
[17:48:39] Pan gesture: delta=(-0.6, 0.0)
[17:48:39] Pan gesture: delta=(-0.6, 0.0)
[17:48:39] Pan gesture: delta=(-0.6, 0.0)
[17:48:39] Pan gesture: delta=(-0.45, 0.0)
[17:48:39] Pan gesture: delta=(-0.45, 0.0)
[17:48:39] Pan gesture: delta=(-0.27, 0.0)
[17:48:39] Pan gesture: delta=(-0.27, 0.0)
[17:48:39] Pan gesture: delta=(-0.21, 0.0)
[17:48:39] Pan gesture: delta=(-0.21, 0.0)
[17:48:39] Pan gesture: delta=(-0.12, 0.0)
[17:48:39] Pan gesture: delta=(-0.12, 0.0)
[17:48:39] Pan gesture: delta=(-0.06, 0.0)
[17:48:39] Pan gesture: delta=(-0.06, 0.0)
[17:48:39] Pan gesture: delta=(-0.24, 0.0)
[17:48:39] Pan gesture: delta=(-0.24, 0.0)
[17:48:39] Pan gesture: delta=(0.0, 0.0)
[17:48:39] Pan gesture: delta=(0.0, 0.0)
[17:48:39] Pan gesture: delta=(-0.24, 0.0)
[17:48:39] Pan gesture: delta=(-0.24, 0.0)
[17:48:39] Pan gesture: delta=(-0.27, 0.0)
[17:48:39] Pan gesture: delta=(-0.27, 0.0)
[17:48:39] Pan gesture: delta=(-0.27, 0.0)
[17:48:39] Pan gesture: delta=(-0.27, 0.0)
[17:48:39] Pan gesture: delta=(-0.24, 0.0)
[17:48:39] Pan gesture: delta=(-0.24, 0.0)
[17:48:39] Pan gesture: delta=(-0.51, 0.0)
[17:48:39] Pan gesture: delta=(-0.51, 0.0)
[17:48:39] Pan gesture: delta=(-0.51, 0.0)
[17:48:39] Pan gesture: delta=(-0.51, 0.0)
[17:48:39] Pan gesture: delta=(-0.24, 0.0)
[17:48:39] Pan gesture: delta=(-0.24, 0.0)
[17:48:40] Pan gesture: delta=(-1.44, 0.0)
[17:48:40] Pan gesture: delta=(-1.44, 0.0)
[17:48:40] Pan gesture: delta=(0.0, 0.0)
[17:48:40] Pan gesture: delta=(0.0, 0.0)
[17:48:40] Pan gesture: delta=(0.03, 0.0)
[17:48:40] Pan gesture: delta=(0.03, 0.0)
[17:48:40] Pan gesture: delta=(0.3, 0.0)
[17:48:40] Pan gesture: delta=(0.3, 0.0)
[17:48:40] Pan gesture: delta=(0.09, 0.0)
[17:48:40] Pan gesture: delta=(0.09, 0.0)
[17:48:40] Pan gesture: delta=(0.09, 0.0)
[17:48:40] Pan gesture: delta=(0.09, 0.0)
[17:48:40] Pan gesture: delta=(0.09, 0.0)
[17:48:40] Pan gesture: delta=(0.09, 0.0)
[17:48:40] Pan gesture: delta=(0.15, 0.0)
[17:48:40] Pan gesture: delta=(0.15, 0.0)
[17:48:40] Pan gesture: delta=(0.24, 0.0)
[17:48:40] Pan gesture: delta=(0.24, 0.0)
[17:48:40] Pan gesture: delta=(0.27, 0.0)
[17:48:40] Pan gesture: delta=(0.27, 0.0)
[17:48:40] Pan gesture: delta=(0.27, 0.0)
[17:48:40] Pan gesture: delta=(0.27, 0.0)
[17:48:40] Pan gesture: delta=(0.33, 0.0)
[17:48:40] Pan gesture: delta=(0.33, 0.0)
[17:48:40] Pan gesture: delta=(0.51, 0.0)
[17:48:40] Pan gesture: delta=(0.51, 0.0)
[17:48:40] Pan gesture: delta=(0.39, 0.0)
[17:48:40] Pan gesture: delta=(0.39, 0.0)
[17:48:40] Pan gesture: delta=(0.33, 0.0)
[17:48:40] Pan gesture: delta=(0.33, 0.0)
[17:48:40] Pan gesture: delta=(0.3, 0.0)
[17:48:40] Pan gesture: delta=(0.3, 0.0)
[17:48:40] Pan gesture: delta=(0.27, 0.0)
[17:48:40] Pan gesture: delta=(0.27, 0.0)
[17:48:40] Pan gesture: delta=(0.21, 0.0)
[17:48:40] Pan gesture: delta=(0.21, 0.0)
[17:48:40] Pan gesture: delta=(0.12, 0.0)
[17:48:40] Pan gesture: delta=(0.12, 0.0)
[17:48:40] Pan gesture: delta=(0.09, 0.0)
[17:48:40] Pan gesture: delta=(0.09, 0.0)
[17:48:40] Pan gesture: delta=(0.06, 0.0)
[17:48:40] Pan gesture: delta=(0.06, 0.0)
[17:48:40] Pan gesture: delta=(0.06, 0.0)
[17:48:40] Pan gesture: delta=(0.06, 0.0)
[17:48:40] Pan gesture: delta=(0.03, 0.0)
[17:48:40] Pan gesture: delta=(0.03, 0.0)
[17:48:40] Pan gesture: delta=(0.06, 0.0)
[17:48:40] Pan gesture: delta=(0.06, 0.0)
[17:48:40] Pan gesture: delta=(0.0, 0.0)
[17:48:40] Pan gesture: delta=(0.0, 0.0)
[17:48:40] Pan gesture: delta=(0.09, 0.0)
[17:48:40] Pan gesture: delta=(0.09, 0.0)
[17:48:40] Pan gesture: delta=(0.09, 0.0)
[17:48:40] Pan gesture: delta=(0.09, 0.0)
[17:48:40] Pan gesture: delta=(0.09, 0.0)
[17:48:40] Pan gesture: delta=(0.09, 0.0)
[17:48:40] Pan gesture: delta=(0.06, 0.0)
[17:48:40] Pan gesture: delta=(0.06, 0.0)
[17:48:40] Pan gesture: delta=(0.06, 0.0)
[17:48:40] Pan gesture: delta=(0.06, 0.0)
[17:48:40] Pan gesture: delta=(0.06, 0.0)
[17:48:40] Pan gesture: delta=(0.06, 0.0)
[17:48:40] Pan gesture: delta=(0.06, 0.0)
[17:48:40] Pan gesture: delta=(0.06, 0.0)
[17:48:40] Pan gesture: delta=(0.06, 0.0)
[17:48:40] Pan gesture: delta=(0.06, 0.0)
[17:48:40] Pan gesture: delta=(0.06, 0.0)
[17:48:40] Pan gesture: delta=(0.06, 0.0)
[17:48:40] Pan gesture: delta=(0.06, 0.0)
[17:48:40] Pan gesture: delta=(0.06, 0.0)
[17:48:40] Pan gesture: delta=(0.06, 0.0)
[17:48:40] Pan gesture: delta=(0.06, 0.0)
[17:48:40] Pan gesture: delta=(0.03, 0.0)
[17:48:40] Pan gesture: delta=(0.03, 0.0)
[17:48:40] Pan gesture: delta=(0.03, 0.0)
[17:48:40] Pan gesture: delta=(0.03, 0.0)
[17:48:40] Pan gesture: delta=(0.03, 0.0)
[17:48:40] Pan gesture: delta=(0.03, 0.0)
[17:48:40] Pan gesture: delta=(0.03, 0.0)
[17:48:40] Pan gesture: delta=(0.03, 0.0)
[17:48:40] Pan gesture: delta=(0.03, 0.0)
[17:48:40] Pan gesture: delta=(0.03, 0.0)
[17:48:40] Pan gesture: delta=(0.03, 0.0)
[17:48:40] Pan gesture: delta=(0.03, 0.0)
[17:48:40] Pan gesture: delta=(0.03, 0.0)
[17:48:40] Pan gesture: delta=(0.03, 0.0)
[17:48:40] Pan gesture: delta=(0.03, 0.0)
[17:48:40] Pan gesture: delta=(0.03, 0.0)
[17:48:40] Pan gesture: delta=(0.03, 0.0)
[17:48:40] Pan gesture: delta=(0.03, 0.0)
[17:48:40] Pan gesture: delta=(0.0, 0.0)
[17:48:40] Pan gesture: delta=(0.0, 0.0)
[17:50:35] Saved 5 hexes to res://maps/autosave/world_autosave_001.json
[17:50:35] Autosaved
[17:53:53] Pan gesture: delta=(0.0, 0.03)
[17:53:53] Pan gesture: delta=(0.0, 0.03)
[17:53:53] Pan gesture: delta=(0.0, 0.03)
[17:53:53] Pan gesture: delta=(0.0, 0.03)
[17:53:53] Pan gesture: delta=(0.0, 0.03)
[17:53:53] Pan gesture: delta=(0.0, 0.03)
[17:53:53] Pan gesture: delta=(0.0, 0.03)
[17:53:53] Pan gesture: delta=(0.0, 0.03)
[17:53:53] Pan gesture: delta=(0.0, 0.03)
[17:53:53] Pan gesture: delta=(0.0, 0.03)
[17:53:53] Pan gesture: delta=(0.0, 0.03)
[17:53:53] Pan gesture: delta=(0.0, 0.03)
[17:53:53] Pan gesture: delta=(0.0, 0.03)
[17:53:53] Pan gesture: delta=(0.0, 0.03)
[17:53:53] Pan gesture: delta=(-0.03, 0.0)
[17:53:53] Pan gesture: delta=(-0.03, 0.0)
[17:53:53] Pan gesture: delta=(-0.03, 0.0)
[17:53:53] Pan gesture: delta=(-0.03, 0.0)
[17:53:53] Pan gesture: delta=(-0.03, 0.0)
[17:53:53] Pan gesture: delta=(-0.03, 0.0)
[17:53:53] Pan gesture: delta=(-0.03, 0.0)
[17:53:53] Pan gesture: delta=(-0.03, 0.0)
[17:53:53] Pan gesture: delta=(-0.21, 0.0)
[17:53:53] Pan gesture: delta=(-0.21, 0.0)
[17:53:53] Pan gesture: delta=(0.0, 0.0)
[17:53:53] Pan gesture: delta=(0.0, 0.0)

================================
Session ended: 2025-12-16T17:53:57
