=== Hex Editor Session Log ===
Started: 2025-12-16T17:56:52
================================

[17:56:52] EditorUI _ready() starting...
[17:56:53] Searching for HexEditor node...
[17:56:53] Found via ../../HexEditor
[17:56:53] HexEditor found: HexEditor (map_data size: 1)
[17:56:53] Connecting hex_editor signals...
[17:56:53]   Connected map_changed
[17:56:53]   Connected log_message
[17:56:53]   Connected hex_selected
[17:56:53] Signal connections complete!
[17:56:53] Editor UI initialization complete
[17:57:14] LEFT CLICK: hex=(-6,-15) exists=false tool=PAINT
[17:57:14]   Modifiers: alt=false ctrl=false shift=false
[17:57:14] LEFT CLICK: hex=(-7,-15) exists=false tool=PAINT
[17:57:14]   Modifiers: alt=false ctrl=false shift=false
[17:57:15] LEFT CLICK: hex=(-6,-16) exists=false tool=PAINT
[17:57:15]   Modifiers: alt=false ctrl=false shift=false
[17:57:15] LEFT CLICK: hex=(-7,-16) exists=false tool=PAINT
[17:57:15]   Modifiers: alt=false ctrl=false shift=false
[17:57:16] LEFT CLICK: hex=(-7,-16) exists=true tool=PAINT
[17:57:16]   Modifiers: alt=false ctrl=false shift=false
[17:57:16] LEFT CLICK: hex=(-7,-16) exists=true tool=PAINT
[17:57:16]   Modifiers: alt=false ctrl=false shift=false
[17:57:16] LEFT CLICK: hex=(-7,-16) exists=true tool=PAINT
[17:57:16]   Modifiers: alt=false ctrl=false shift=false
[17:57:17] LEFT CLICK: hex=(-7,-16) exists=true tool=PAINT
[17:57:17]   Modifiers: alt=false ctrl=false shift=false
[17:57:17] LEFT CLICK: hex=(-7,-16) exists=true tool=PAINT
[17:57:17]   Modifiers: alt=false ctrl=false shift=false
[17:57:17] LEFT CLICK: hex=(-7,-16) exists=true tool=PAINT
[17:57:17]   Modifiers: alt=false ctrl=false shift=false
[17:57:18] RIGHT CLICK at hex (-7,-16)
[17:57:18] RIGHT CLICK at hex (-7,-16)
[17:57:19] RIGHT CLICK at hex (-7,-16)
[17:57:19] LEFT CLICK: hex=(-7,-16) exists=true tool=PAINT
[17:57:19]   Modifiers: alt=false ctrl=false shift=false
[17:57:19] RIGHT CLICK at hex (-7,-16)
[17:57:19] RIGHT CLICK at hex (-7,-16)
[17:57:20] LEFT CLICK: hex=(-7,-16) exists=true tool=PAINT
[17:57:20]   Modifiers: alt=false ctrl=false shift=false
[17:57:20] LEFT CLICK: hex=(-7,-16) exists=true tool=PAINT
[17:57:20]   Modifiers: alt=false ctrl=false shift=false
[17:59:14] Saved 5 hexes to res://maps/autosave/world_autosave_001.json
[17:59:15] Autosaved

================================
Session ended: 2025-12-16T18:14:51
